<?xml version="1.0" encoding="UTF-8"?>
<testsuite xmlns:xsi="http://www.w3.org/2001/XMLSchema-instance" xsi:noNamespaceSchemaLocation="https://maven.apache.org/surefire/maven-surefire-plugin/xsd/surefire-test-report.xsd" name="com.douby.manager.AppTest" time="0.062" tests="1" errors="0" skipped="0" failures="0">
  <properties>
    <property name="sun.desktop" value="windows"/>
    <property name="awt.toolkit" value="sun.awt.windows.WToolkit"/>
    <property name="file.encoding.pkg" value="sun.io"/>
    <property name="java.specification.version" value="1.8"/>
    <property name="sun.cpu.isalist" value="amd64"/>
    <property name="sun.jnu.encoding" value="GBK"/>
    <property name="java.class.path" value="E:\workspace\multi-pro\doubymanager\doubymanagerdto\target\test-classes;E:\workspace\multi-pro\doubymanager\doubymanagerdto\target\classes;E:\maven\mavenRes\repository\junit\junit\4.11\junit-4.11.jar;E:\maven\mavenRes\repository\org\hamcrest\hamcrest-core\1.3\hamcrest-core-1.3.jar;E:\workspace\multi-pro\doubymanager\doubymanagerpojo\target\douby-manager-pojo-1.0-SNAPSHOT.jar;E:\maven\mavenRes\repository\com\douby\common\doouby-common\1.0-SNAPSHOT\doouby-common-1.0-SNAPSHOT.jar;E:\maven\mavenRes\repository\joda-time\joda-time\2.10\joda-time-2.10.jar;E:\maven\mavenRes\repository\org\apache\commons\commons-lang3\3.7\commons-lang3-3.7.jar;E:\maven\mavenRes\repository\commons-io\commons-io\1.3.2\commons-io-1.3.2.jar;E:\maven\mavenRes\repository\commons-net\commons-net\3.6\commons-net-3.6.jar;E:\maven\mavenRes\repository\com\fasterxml\jackson\core\jackson-databind\2.9.5\jackson-databind-2.9.5.jar;E:\maven\mavenRes\repository\com\fasterxml\jackson\core\jackson-annotations\2.9.5\jackson-annotations-2.9.5.jar;E:\maven\mavenRes\repository\com\fasterxml\jackson\core\jackson-core\2.9.5\jackson-core-2.9.5.jar;E:\maven\mavenRes\repository\org\apache\httpcomponents\httpclient\4.5.5\httpclient-4.5.5.jar;E:\maven\mavenRes\repository\org\apache\httpcomponents\httpcore\4.4.9\httpcore-4.4.9.jar;E:\maven\mavenRes\repository\commons-logging\commons-logging\1.2\commons-logging-1.2.jar;E:\maven\mavenRes\repository\commons-codec\commons-codec\1.10\commons-codec-1.10.jar;E:\maven\mavenRes\repository\org\quartz-scheduler\quartz\2.2.3\quartz-2.2.3.jar;E:\maven\mavenRes\repository\c3p0\c3p0\0.9.1.1\c3p0-0.9.1.1.jar;E:\maven\mavenRes\repository\org\slf4j\slf4j-api\1.7.7\slf4j-api-1.7.7.jar;E:\maven\mavenRes\repository\org\slf4j\slf4j-log4j12\1.7.21\slf4j-log4j12-1.7.21.jar;E:\maven\mavenRes\repository\log4j\log4j\1.2.17\log4j-1.2.17.jar;E:\maven\mavenRes\repository\redis\clients\jedis\2.9.0\jedis-2.9.0.jar;E:\maven\mavenRes\repository\org\apache\commons\commons-pool2\2.4.2\commons-pool2-2.4.2.jar;E:\maven\mavenRes\repository\org\apache\solr\solr-solrj\7.3.1\solr-solrj-7.3.1.jar;E:\maven\mavenRes\repository\org\apache\commons\commons-math3\3.6.1\commons-math3-3.6.1.jar;E:\maven\mavenRes\repository\org\apache\httpcomponents\httpmime\4.5.3\httpmime-4.5.3.jar;E:\maven\mavenRes\repository\org\apache\zookeeper\zookeeper\3.5.4-beta\zookeeper-3.5.4-beta.jar;E:\maven\mavenRes\repository\commons-cli\commons-cli\1.2\commons-cli-1.2.jar;E:\maven\mavenRes\repository\org\codehaus\woodstox\stax2-api\3.1.4\stax2-api-3.1.4.jar;E:\maven\mavenRes\repository\org\codehaus\woodstox\woodstox-core-asl\4.4.1\woodstox-core-asl-4.4.1.jar;E:\maven\mavenRes\repository\org\noggit\noggit\0.8\noggit-0.8.jar;E:\maven\mavenRes\repository\org\slf4j\jcl-over-slf4j\1.7.24\jcl-over-slf4j-1.7.24.jar;E:\maven\mavenRes\repository\com\alibaba\fastjson\1.2.47\fastjson-1.2.47.jar;"/>
    <property name="java.vm.vendor" value="Oracle Corporation"/>
    <property name="sun.arch.data.model" value="64"/>
    <property name="user.variant" value=""/>
    <property name="java.vendor.url" value="http://java.oracle.com/"/>
    <property name="user.timezone" value=""/>
    <property name="java.vm.specification.version" value="1.8"/>
    <property name="os.name" value="Windows 10"/>
    <property name="user.country" value="CN"/>
    <property name="sun.java.launcher" value="SUN_STANDARD"/>
    <property name="sun.boot.library.path" value="C:\Program Files\Java\jdk1.8.0_171\jre\bin"/>
    <property name="sun.java.command" value="C:\Users\Think\AppData\Local\Temp\surefire2745083209218277345\surefirebooter7180801640266577828.jar C:\Users\Think\AppData\Local\Temp\surefire2745083209218277345 2018-06-15T16-25-19_877-jvmRun1 surefire3248642359207518871tmp surefire_27393626214623855446tmp"/>
    <property name="surefire.test.class.path" value="E:\workspace\multi-pro\doubymanager\doubymanagerdto\target\test-classes;E:\workspace\multi-pro\doubymanager\doubymanagerdto\target\classes;E:\maven\mavenRes\repository\junit\junit\4.11\junit-4.11.jar;E:\maven\mavenRes\repository\org\hamcrest\hamcrest-core\1.3\hamcrest-core-1.3.jar;E:\workspace\multi-pro\doubymanager\doubymanagerpojo\target\douby-manager-pojo-1.0-SNAPSHOT.jar;E:\maven\mavenRes\repository\com\douby\common\doouby-common\1.0-SNAPSHOT\doouby-common-1.0-SNAPSHOT.jar;E:\maven\mavenRes\repository\joda-time\joda-time\2.10\joda-time-2.10.jar;E:\maven\mavenRes\repository\org\apache\commons\commons-lang3\3.7\commons-lang3-3.7.jar;E:\maven\mavenRes\repository\commons-io\commons-io\1.3.2\commons-io-1.3.2.jar;E:\maven\mavenRes\repository\commons-net\commons-net\3.6\commons-net-3.6.jar;E:\maven\mavenRes\repository\com\fasterxml\jackson\core\jackson-databind\2.9.5\jackson-databind-2.9.5.jar;E:\maven\mavenRes\repository\com\fasterxml\jackson\core\jackson-annotations\2.9.5\jackson-annotations-2.9.5.jar;E:\maven\mavenRes\repository\com\fasterxml\jackson\core\jackson-core\2.9.5\jackson-core-2.9.5.jar;E:\maven\mavenRes\repository\org\apache\httpcomponents\httpclient\4.5.5\httpclient-4.5.5.jar;E:\maven\mavenRes\repository\org\apache\httpcomponents\httpcore\4.4.9\httpcore-4.4.9.jar;E:\maven\mavenRes\repository\commons-logging\commons-logging\1.2\commons-logging-1.2.jar;E:\maven\mavenRes\repository\commons-codec\commons-codec\1.10\commons-codec-1.10.jar;E:\maven\mavenRes\repository\org\quartz-scheduler\quartz\2.2.3\quartz-2.2.3.jar;E:\maven\mavenRes\repository\c3p0\c3p0\0.9.1.1\c3p0-0.9.1.1.jar;E:\maven\mavenRes\repository\org\slf4j\slf4j-api\1.7.7\slf4j-api-1.7.7.jar;E:\maven\mavenRes\repository\org\slf4j\slf4j-log4j12\1.7.21\slf4j-log4j12-1.7.21.jar;E:\maven\mavenRes\repository\log4j\log4j\1.2.17\log4j-1.2.17.jar;E:\maven\mavenRes\repository\redis\clients\jedis\2.9.0\jedis-2.9.0.jar;E:\maven\mavenRes\repository\org\apache\commons\commons-pool2\2.4.2\commons-pool2-2.4.2.jar;E:\maven\mavenRes\repository\org\apache\solr\solr-solrj\7.3.1\solr-solrj-7.3.1.jar;E:\maven\mavenRes\repository\org\apache\commons\commons-math3\3.6.1\commons-math3-3.6.1.jar;E:\maven\mavenRes\repository\org\apache\httpcomponents\httpmime\4.5.3\httpmime-4.5.3.jar;E:\maven\mavenRes\repository\org\apache\zookeeper\zookeeper\3.5.4-beta\zookeeper-3.5.4-beta.jar;E:\maven\mavenRes\repository\commons-cli\commons-cli\1.2\commons-cli-1.2.jar;E:\maven\mavenRes\repository\org\codehaus\woodstox\stax2-api\3.1.4\stax2-api-3.1.4.jar;E:\maven\mavenRes\repository\org\codehaus\woodstox\woodstox-core-asl\4.4.1\woodstox-core-asl-4.4.1.jar;E:\maven\mavenRes\repository\org\noggit\noggit\0.8\noggit-0.8.jar;E:\maven\mavenRes\repository\org\slf4j\jcl-over-slf4j\1.7.24\jcl-over-slf4j-1.7.24.jar;E:\maven\mavenRes\repository\com\alibaba\fastjson\1.2.47\fastjson-1.2.47.jar;"/>
    <property name="sun.cpu.endian" value="little"/>
    <property name="user.home" value="C:\Users\Think"/>
    <property name="user.language" value="zh"/>
    <property name="java.specification.vendor" value="Oracle Corporation"/>
    <property name="java.home" value="C:\Program Files\Java\jdk1.8.0_171\jre"/>
    <property name="basedir" value="E:\workspace\multi-pro\doubymanager\doubymanagerdto"/>
    <property name="file.separator" value="\"/>
    <property name="line.separator" value="&#10;"/>
    <property name="java.vm.specification.vendor" value="Oracle Corporation"/>
    <property name="java.specification.name" value="Java Platform API Specification"/>
    <property name="java.awt.graphicsenv" value="sun.awt.Win32GraphicsEnvironment"/>
    <property name="surefire.real.class.path" value="C:\Users\Think\AppData\Local\Temp\surefire2745083209218277345\surefirebooter7180801640266577828.jar"/>
    <property name="sun.boot.class.path" value="C:\Program Files\Java\jdk1.8.0_171\jre\lib\resources.jar;C:\Program Files\Java\jdk1.8.0_171\jre\lib\rt.jar;C:\Program Files\Java\jdk1.8.0_171\jre\lib\sunrsasign.jar;C:\Program Files\Java\jdk1.8.0_171\jre\lib\jsse.jar;C:\Program Files\Java\jdk1.8.0_171\jre\lib\jce.jar;C:\Program Files\Java\jdk1.8.0_171\jre\lib\charsets.jar;C:\Program Files\Java\jdk1.8.0_171\jre\lib\jfr.jar;C:\Program Files\Java\jdk1.8.0_171\jre\classes"/>
    <property name="user.script" value=""/>
    <property name="sun.management.compiler" value="HotSpot 64-Bit Tiered Compilers"/>
    <property name="java.runtime.version" value="1.8.0_171-b11"/>
    <property name="user.name" value="Think"/>
    <property name="path.separator" value=";"/>
    <property name="os.version" value="10.0"/>
    <property name="java.endorsed.dirs" value="C:\Program Files\Java\jdk1.8.0_171\jre\lib\endorsed"/>
    <property name="java.runtime.name" value="Java(TM) SE Runtime Environment"/>
    <property name="file.encoding" value="GBK"/>
    <property name="java.vm.name" value="Java HotSpot(TM) 64-Bit Server VM"/>
    <property name="localRepository" value="E:\maven\mavenRes\repository"/>
    <property name="java.vendor.url.bug" value="http://bugreport.sun.com/bugreport/"/>
    <property name="java.io.tmpdir" value="C:\Users\Think\AppData\Local\Temp\"/>
    <property name="idea.version" value="2017.3.1"/>
    <property name="java.version" value="1.8.0_171"/>
    <property name="user.dir" value="E:\workspace\multi-pro\doubymanager\doubymanagerdto"/>
    <property name="os.arch" value="amd64"/>
    <property name="java.vm.specification.name" value="Java Virtual Machine Specification"/>
    <property name="java.awt.printerjob" value="sun.awt.windows.WPrinterJob"/>
    <property name="sun.os.patch.level" value=""/>
    <property name="java.library.path" value="C:\Program Files\Java\jdk1.8.0_171\jre\bin;C:\WINDOWS\Sun\Java\bin;C:\WINDOWS\system32;C:\WINDOWS;C:\Program Files\Java\jdk1.8.0_171\bin;C:\Program Files\Java\jdk1.8.0_171\jre\bin;E:\spring-1.3.0.RELEASE\bin;C:\ProgramData\Oracle\Java\javapath;C:\Windows\system32;C:\Windows;C:\Windows\System32\Wbem;C:\Windows\System32\WindowsPowerShell\v1.0\;C:\Program Files\Intel\WiFi\bin\;C:\Program Files\Common Files\Intel\WirelessCommon\;C:\Program Files (x86)\NVIDIA Corporation\PhysX\Common;E:\maven\apache-maven-3.5.2\bin;C:\Program Files\MySQL\MySQL Server 5.7\bin;C:\WINDOWS\system32;C:\WINDOWS;C:\WINDOWS\System32\Wbem;C:\WINDOWS\System32\WindowsPowerShell\v1.0\;F:\gitwork\Git\cmd;C:\Program Files\TortoiseGit\bin;C:\Program Files\Intel\WiFi\bin\;C:\Program Files\Common Files\Intel\WirelessCommon\;%USERPROFILE%\AppData\Local\Microsoft\WindowsApps;;."/>
    <property name="java.vm.info" value="mixed mode"/>
    <property name="java.vendor" value="Oracle Corporation"/>
    <property name="java.vm.version" value="25.171-b11"/>
    <property name="java.ext.dirs" value="C:\Program Files\Java\jdk1.8.0_171\jre\lib\ext;C:\WINDOWS\Sun\Java\lib\ext"/>
    <property name="sun.io.unicode.encoding" value="UnicodeLittle"/>
    <property name="maven.repo.local" value="E:\maven\mavenRes\repository"/>
    <property name="java.class.version" value="52.0"/>
  </properties>
  <testcase name="shouldAnswerWithTrue" classname="com.douby.manager.AppTest" time="0.001"/>
</testsuite>